{"uuid":"dcce22d3-8105-4eac-9605-a0b5b8134f67","historyId":"71930dc42b226fcd772d2f80cec33fa8","fullName":"src/resources/features/appiumMobileApp.feature:34","labels":[{"name":"tag","value":"appiumtest"},{"name":"host","value":"Gnanas-Mac.local"},{"name":"thread","value":"16282@Gnanas-Mac.local.main(1)"},{"name":"feature","value":"Mobile APK file test"},{"name":"story","value":"3. Verify the Sign up form is successful"},{"name":"suite","value":"Mobile APK file test"},{"name":"testClass","value":"3. Verify the Sign up form is successful"},{"name":"framework","value":"cucumber4jvm"},{"name":"language","value":"java"},{"name":"gherkin_uri","value":"file:///Users/gnanaprakasamthangaraj/IdeaProjects/gnanatest/resources/src/resources/features/appiumMobileApp.feature"},{"name":"package","value":"src.resources.features.appiumMobileApp_feature.Mobile APK file test"}],"links":[],"name":"3. Verify the Sign up form is successful","status":"broken","statusDetails":{"known":false,"muted":false,"flaky":false,"message":"Expected condition failed: waiting for presence of element located by: By.xpath: //android.widget.TextView[@text=\"Login\"] (tried for 10 second(s) with 500 milliseconds interval)","trace":"org.openqa.selenium.TimeoutException: Expected condition failed: waiting for presence of element located by: By.xpath: //android.widget.TextView[@text=\"Login\"] (tried for 10 second(s) with 500 milliseconds interval)\n\tat org.openqa.selenium.support.ui.WebDriverWait.timeoutException(WebDriverWait.java:84)\n\tat org.openqa.selenium.support.ui.FluentWait.until(FluentWait.java:229)\n\tat page.AppiumMobilePage.getLoginBtn(AppiumMobilePage.java:77)\n\tat stepDef.stepDefAppium.login_button_homescreen(stepDefAppium.java:70)\n\tat ✽.click on Login button from home page(file:///Users/gnanaprakasamthangaraj/IdeaProjects/gnanatest/resources/src/resources/features/appiumMobileApp.feature:35)\nCaused by: org.openqa.selenium.NoSuchElementException: An element could not be located on the page using the given search parameters.\nFor documentation on this error, please visit: https://www.selenium.dev/documentation/webdriver/troubleshooting/errors#no-such-element-exception\nBuild info: version: '4.16.0', revision: '15400459dd*'\nSystem info: os.name: 'Mac OS X', os.arch: 'aarch64', os.version: '14.1.2', java.version: '20.0.2'\nDriver info: io.appium.java_client.android.AndroidDriver\nCommand: [18597b82-1ffd-49a3-98d7-80f11955746b, findElement {using=xpath, value=//android.widget.TextView[@text=\"Login\"]}]\nCapabilities {appium:app: /Users/gnanaprakasamthangar..., appium:appActivity: .SplashActivity, appium:appPackage: com.wdiodemoapp, appium:automationName: UiAutomator2, appium:databaseEnabled: false, appium:desired: {app: /Users/gnanaprakasamthangar..., appActivity: .SplashActivity, appPackage: com.wdiodemoapp, automationName: UiAutomator2, deviceName: Pixel 4, platformName: ANDROID, platformVersion: 14.0}, appium:deviceApiLevel: 34, appium:deviceManufacturer: Google, appium:deviceModel: sdk_gphone64_arm64, appium:deviceName: emulator-5554, appium:deviceScreenDensity: 440, appium:deviceScreenSize: 1080x2280, appium:deviceUDID: emulator-5554, appium:javascriptEnabled: true, appium:locationContextEnabled: false, appium:networkConnectionEnabled: true, appium:pixelRatio: 2.75, appium:platformVersion: 14, appium:statBarHeight: 83, appium:takesScreenshot: true, appium:viewportRect: {height: 2131, left: 0, top: 83, width: 1080}, appium:warnings: {}, appium:webStorageEnabled: false, platformName: ANDROID}\nSession ID: 18597b82-1ffd-49a3-98d7-80f11955746b\n\tat java.base/jdk.internal.reflect.DirectConstructorHandleAccessor.newInstance(DirectConstructorHandleAccessor.java:67)\n\tat java.base/java.lang.reflect.Constructor.newInstanceWithCaller(Constructor.java:500)\n\tat java.base/java.lang.reflect.Constructor.newInstance(Constructor.java:484)\n\tat org.openqa.selenium.remote.codec.w3c.W3CHttpResponseCodec.createException(W3CHttpResponseCodec.java:200)\n\tat org.openqa.selenium.remote.codec.w3c.W3CHttpResponseCodec.decode(W3CHttpResponseCodec.java:133)\n\tat org.openqa.selenium.remote.codec.w3c.W3CHttpResponseCodec.decode(W3CHttpResponseCodec.java:52)\n\tat org.openqa.selenium.remote.HttpCommandExecutor.execute(HttpCommandExecutor.java:191)\n\tat io.appium.java_client.remote.AppiumCommandExecutor.execute(AppiumCommandExecutor.java:238)\n\tat org.openqa.selenium.remote.RemoteWebDriver.execute(RemoteWebDriver.java:523)\n\tat org.openqa.selenium.remote.ElementLocation$ElementFinder$2.findElement(ElementLocation.java:165)\n\tat org.openqa.selenium.remote.ElementLocation.findElement(ElementLocation.java:59)\n\tat org.openqa.selenium.remote.RemoteWebDriver.findElement(RemoteWebDriver.java:360)\n\tat org.openqa.selenium.remote.RemoteWebDriver.findElement(RemoteWebDriver.java:354)\n\tat org.openqa.selenium.support.ui.ExpectedConditions$6.apply(ExpectedConditions.java:171)\n\tat org.openqa.selenium.support.ui.ExpectedConditions$6.apply(ExpectedConditions.java:168)\n\tat org.openqa.selenium.support.ui.FluentWait.until(FluentWait.java:204)\n\tat page.AppiumMobilePage.getLoginBtn(AppiumMobilePage.java:77)\n\tat stepDef.stepDefAppium.login_button_homescreen(stepDefAppium.java:70)\n\tat java.base/jdk.internal.reflect.DirectMethodHandleAccessor.invoke(DirectMethodHandleAccessor.java:104)\n\tat java.base/java.lang.reflect.Method.invoke(Method.java:578)\n\tat io.cucumber.java.Invoker.doInvoke(Invoker.java:66)\n\tat io.cucumber.java.Invoker.invoke(Invoker.java:24)\n\tat io.cucumber.java.AbstractGlueDefinition.invokeMethod(AbstractGlueDefinition.java:47)\n\tat io.cucumber.java.JavaStepDefinition.execute(JavaStepDefinition.java:29)\n\tat io.cucumber.core.runner.CoreStepDefinition.execute(CoreStepDefinition.java:66)\n\tat io.cucumber.core.runner.PickleStepDefinitionMatch.runStep(PickleStepDefinitionMatch.java:63)\n\tat io.cucumber.core.runner.ExecutionMode$1.execute(ExecutionMode.java:10)\n\tat io.cucumber.core.runner.TestStep.executeStep(TestStep.java:84)\n\tat io.cucumber.core.runner.TestStep.run(TestStep.java:56)\n\tat io.cucumber.core.runner.PickleStepTestStep.run(PickleStepTestStep.java:51)\n\tat io.cucumber.core.runner.TestCase.run(TestCase.java:84)\n\tat io.cucumber.core.runner.Runner.runPickle(Runner.java:75)\n\tat io.cucumber.junit.PickleRunners$NoStepDescriptions.lambda$run$0(PickleRunners.java:151)\n\tat io.cucumber.core.runtime.CucumberExecutionContext.lambda$runTestCase$5(CucumberExecutionContext.java:137)\n\tat io.cucumber.core.runtime.RethrowingThrowableCollector.executeAndThrow(RethrowingThrowableCollector.java:23)\n\tat io.cucumber.core.runtime.CucumberExecutionContext.runTestCase(CucumberExecutionContext.java:137)\n\tat io.cucumber.junit.PickleRunners$NoStepDescriptions.run(PickleRunners.java:148)\n\tat io.cucumber.junit.FeatureRunner.runChild(FeatureRunner.java:144)\n\tat io.cucumber.junit.FeatureRunner.runChild(FeatureRunner.java:28)\n\tat org.junit.runners.ParentRunner$4.run(ParentRunner.java:331)\n\tat org.junit.runners.ParentRunner$1.schedule(ParentRunner.java:79)\n\tat org.junit.runners.ParentRunner.runChildren(ParentRunner.java:329)\n\tat org.junit.runners.ParentRunner.access$100(ParentRunner.java:66)\n\tat org.junit.runners.ParentRunner$2.evaluate(ParentRunner.java:293)\n\tat org.junit.runners.ParentRunner$3.evaluate(ParentRunner.java:306)\n\tat org.junit.runners.ParentRunner.run(ParentRunner.java:413)\n\tat io.cucumber.junit.FeatureRunner.run(FeatureRunner.java:137)\n\tat io.cucumber.junit.Cucumber.runChild(Cucumber.java:196)\n\tat io.cucumber.junit.Cucumber.runChild(Cucumber.java:89)\n\tat org.junit.runners.ParentRunner$4.run(ParentRunner.java:331)\n\tat org.junit.runners.ParentRunner$1.schedule(ParentRunner.java:79)\n\tat org.junit.runners.ParentRunner.runChildren(ParentRunner.java:329)\n\tat org.junit.runners.ParentRunner.access$100(ParentRunner.java:66)\n\tat org.junit.runners.ParentRunner$2.evaluate(ParentRunner.java:293)\n\tat io.cucumber.core.runtime.CucumberExecutionContext.lambda$runFeatures$6(CucumberExecutionContext.java:148)\n\tat io.cucumber.core.runtime.CucumberExecutionContext.execute(CucumberExecutionContext.java:163)\n\tat io.cucumber.core.runtime.CucumberExecutionContext.runFeatures(CucumberExecutionContext.java:146)\n\tat io.cucumber.junit.Cucumber$StartAndFinishTestRun.evaluate(Cucumber.java:226)\n\tat org.junit.runners.ParentRunner$3.evaluate(ParentRunner.java:306)\n\tat org.junit.runners.ParentRunner.run(ParentRunner.java:413)\n\tat org.junit.runner.JUnitCore.run(JUnitCore.java:137)\n\tat com.intellij.junit4.JUnit4IdeaTestRunner.startRunnerWithArgs(JUnit4IdeaTestRunner.java:69)\n\tat com.intellij.rt.junit.IdeaTestRunner$Repeater$1.execute(IdeaTestRunner.java:38)\n\tat com.intellij.rt.execution.junit.TestsRepeater.repeat(TestsRepeater.java:11)\n\tat com.intellij.rt.junit.IdeaTestRunner$Repeater.startRunnerWithArgs(IdeaTestRunner.java:35)\n\tat com.intellij.rt.junit.JUnitStarter.prepareStreamsAndStart(JUnitStarter.java:232)\n\tat com.intellij.rt.junit.JUnitStarter.main(JUnitStarter.java:55)\n"},"stage":"finished","steps":[{"name":"When  click on Login button from home page","status":"broken","statusDetails":{"known":false,"muted":false,"flaky":false,"message":"Expected condition failed: waiting for presence of element located by: By.xpath: //android.widget.TextView[@text=\"Login\"] (tried for 10 second(s) with 500 milliseconds interval)","trace":"org.openqa.selenium.TimeoutException: Expected condition failed: waiting for presence of element located by: By.xpath: //android.widget.TextView[@text=\"Login\"] (tried for 10 second(s) with 500 milliseconds interval)\n\tat org.openqa.selenium.support.ui.WebDriverWait.timeoutException(WebDriverWait.java:84)\n\tat org.openqa.selenium.support.ui.FluentWait.until(FluentWait.java:229)\n\tat page.AppiumMobilePage.getLoginBtn(AppiumMobilePage.java:77)\n\tat stepDef.stepDefAppium.login_button_homescreen(stepDefAppium.java:70)\n\tat ✽.click on Login button from home page(file:///Users/gnanaprakasamthangaraj/IdeaProjects/gnanatest/resources/src/resources/features/appiumMobileApp.feature:35)\nCaused by: org.openqa.selenium.NoSuchElementException: An element could not be located on the page using the given search parameters.\nFor documentation on this error, please visit: https://www.selenium.dev/documentation/webdriver/troubleshooting/errors#no-such-element-exception\nBuild info: version: '4.16.0', revision: '15400459dd*'\nSystem info: os.name: 'Mac OS X', os.arch: 'aarch64', os.version: '14.1.2', java.version: '20.0.2'\nDriver info: io.appium.java_client.android.AndroidDriver\nCommand: [18597b82-1ffd-49a3-98d7-80f11955746b, findElement {using=xpath, value=//android.widget.TextView[@text=\"Login\"]}]\nCapabilities {appium:app: /Users/gnanaprakasamthangar..., appium:appActivity: .SplashActivity, appium:appPackage: com.wdiodemoapp, appium:automationName: UiAutomator2, appium:databaseEnabled: false, appium:desired: {app: /Users/gnanaprakasamthangar..., appActivity: .SplashActivity, appPackage: com.wdiodemoapp, automationName: UiAutomator2, deviceName: Pixel 4, platformName: ANDROID, platformVersion: 14.0}, appium:deviceApiLevel: 34, appium:deviceManufacturer: Google, appium:deviceModel: sdk_gphone64_arm64, appium:deviceName: emulator-5554, appium:deviceScreenDensity: 440, appium:deviceScreenSize: 1080x2280, appium:deviceUDID: emulator-5554, appium:javascriptEnabled: true, appium:locationContextEnabled: false, appium:networkConnectionEnabled: true, appium:pixelRatio: 2.75, appium:platformVersion: 14, appium:statBarHeight: 83, appium:takesScreenshot: true, appium:viewportRect: {height: 2131, left: 0, top: 83, width: 1080}, appium:warnings: {}, appium:webStorageEnabled: false, platformName: ANDROID}\nSession ID: 18597b82-1ffd-49a3-98d7-80f11955746b\n\tat java.base/jdk.internal.reflect.DirectConstructorHandleAccessor.newInstance(DirectConstructorHandleAccessor.java:67)\n\tat java.base/java.lang.reflect.Constructor.newInstanceWithCaller(Constructor.java:500)\n\tat java.base/java.lang.reflect.Constructor.newInstance(Constructor.java:484)\n\tat org.openqa.selenium.remote.codec.w3c.W3CHttpResponseCodec.createException(W3CHttpResponseCodec.java:200)\n\tat org.openqa.selenium.remote.codec.w3c.W3CHttpResponseCodec.decode(W3CHttpResponseCodec.java:133)\n\tat org.openqa.selenium.remote.codec.w3c.W3CHttpResponseCodec.decode(W3CHttpResponseCodec.java:52)\n\tat org.openqa.selenium.remote.HttpCommandExecutor.execute(HttpCommandExecutor.java:191)\n\tat io.appium.java_client.remote.AppiumCommandExecutor.execute(AppiumCommandExecutor.java:238)\n\tat org.openqa.selenium.remote.RemoteWebDriver.execute(RemoteWebDriver.java:523)\n\tat org.openqa.selenium.remote.ElementLocation$ElementFinder$2.findElement(ElementLocation.java:165)\n\tat org.openqa.selenium.remote.ElementLocation.findElement(ElementLocation.java:59)\n\tat org.openqa.selenium.remote.RemoteWebDriver.findElement(RemoteWebDriver.java:360)\n\tat org.openqa.selenium.remote.RemoteWebDriver.findElement(RemoteWebDriver.java:354)\n\tat org.openqa.selenium.support.ui.ExpectedConditions$6.apply(ExpectedConditions.java:171)\n\tat org.openqa.selenium.support.ui.ExpectedConditions$6.apply(ExpectedConditions.java:168)\n\tat org.openqa.selenium.support.ui.FluentWait.until(FluentWait.java:204)\n\tat page.AppiumMobilePage.getLoginBtn(AppiumMobilePage.java:77)\n\tat stepDef.stepDefAppium.login_button_homescreen(stepDefAppium.java:70)\n\tat java.base/jdk.internal.reflect.DirectMethodHandleAccessor.invoke(DirectMethodHandleAccessor.java:104)\n\tat java.base/java.lang.reflect.Method.invoke(Method.java:578)\n\tat io.cucumber.java.Invoker.doInvoke(Invoker.java:66)\n\tat io.cucumber.java.Invoker.invoke(Invoker.java:24)\n\tat io.cucumber.java.AbstractGlueDefinition.invokeMethod(AbstractGlueDefinition.java:47)\n\tat io.cucumber.java.JavaStepDefinition.execute(JavaStepDefinition.java:29)\n\tat io.cucumber.core.runner.CoreStepDefinition.execute(CoreStepDefinition.java:66)\n\tat io.cucumber.core.runner.PickleStepDefinitionMatch.runStep(PickleStepDefinitionMatch.java:63)\n\tat io.cucumber.core.runner.ExecutionMode$1.execute(ExecutionMode.java:10)\n\tat io.cucumber.core.runner.TestStep.executeStep(TestStep.java:84)\n\tat io.cucumber.core.runner.TestStep.run(TestStep.java:56)\n\tat io.cucumber.core.runner.PickleStepTestStep.run(PickleStepTestStep.java:51)\n\tat io.cucumber.core.runner.TestCase.run(TestCase.java:84)\n\tat io.cucumber.core.runner.Runner.runPickle(Runner.java:75)\n\tat io.cucumber.junit.PickleRunners$NoStepDescriptions.lambda$run$0(PickleRunners.java:151)\n\tat io.cucumber.core.runtime.CucumberExecutionContext.lambda$runTestCase$5(CucumberExecutionContext.java:137)\n\tat io.cucumber.core.runtime.RethrowingThrowableCollector.executeAndThrow(RethrowingThrowableCollector.java:23)\n\tat io.cucumber.core.runtime.CucumberExecutionContext.runTestCase(CucumberExecutionContext.java:137)\n\tat io.cucumber.junit.PickleRunners$NoStepDescriptions.run(PickleRunners.java:148)\n\tat io.cucumber.junit.FeatureRunner.runChild(FeatureRunner.java:144)\n\tat io.cucumber.junit.FeatureRunner.runChild(FeatureRunner.java:28)\n\tat org.junit.runners.ParentRunner$4.run(ParentRunner.java:331)\n\tat org.junit.runners.ParentRunner$1.schedule(ParentRunner.java:79)\n\tat org.junit.runners.ParentRunner.runChildren(ParentRunner.java:329)\n\tat org.junit.runners.ParentRunner.access$100(ParentRunner.java:66)\n\tat org.junit.runners.ParentRunner$2.evaluate(ParentRunner.java:293)\n\tat org.junit.runners.ParentRunner$3.evaluate(ParentRunner.java:306)\n\tat org.junit.runners.ParentRunner.run(ParentRunner.java:413)\n\tat io.cucumber.junit.FeatureRunner.run(FeatureRunner.java:137)\n\tat io.cucumber.junit.Cucumber.runChild(Cucumber.java:196)\n\tat io.cucumber.junit.Cucumber.runChild(Cucumber.java:89)\n\tat org.junit.runners.ParentRunner$4.run(ParentRunner.java:331)\n\tat org.junit.runners.ParentRunner$1.schedule(ParentRunner.java:79)\n\tat org.junit.runners.ParentRunner.runChildren(ParentRunner.java:329)\n\tat org.junit.runners.ParentRunner.access$100(ParentRunner.java:66)\n\tat org.junit.runners.ParentRunner$2.evaluate(ParentRunner.java:293)\n\tat io.cucumber.core.runtime.CucumberExecutionContext.lambda$runFeatures$6(CucumberExecutionContext.java:148)\n\tat io.cucumber.core.runtime.CucumberExecutionContext.execute(CucumberExecutionContext.java:163)\n\tat io.cucumber.core.runtime.CucumberExecutionContext.runFeatures(CucumberExecutionContext.java:146)\n\tat io.cucumber.junit.Cucumber$StartAndFinishTestRun.evaluate(Cucumber.java:226)\n\tat org.junit.runners.ParentRunner$3.evaluate(ParentRunner.java:306)\n\tat org.junit.runners.ParentRunner.run(ParentRunner.java:413)\n\tat org.junit.runner.JUnitCore.run(JUnitCore.java:137)\n\tat com.intellij.junit4.JUnit4IdeaTestRunner.startRunnerWithArgs(JUnit4IdeaTestRunner.java:69)\n\tat com.intellij.rt.junit.IdeaTestRunner$Repeater$1.execute(IdeaTestRunner.java:38)\n\tat com.intellij.rt.execution.junit.TestsRepeater.repeat(TestsRepeater.java:11)\n\tat com.intellij.rt.junit.IdeaTestRunner$Repeater.startRunnerWithArgs(IdeaTestRunner.java:35)\n\tat com.intellij.rt.junit.JUnitStarter.prepareStreamsAndStart(JUnitStarter.java:232)\n\tat com.intellij.rt.junit.JUnitStarter.main(JUnitStarter.java:55)\n"},"stage":"finished","steps":[],"attachments":[],"parameters":[],"start":1702260894343,"stop":1702260904458},{"name":"And  Verify the \"Login / Sign up Form\" is displayed","status":"skipped","statusDetails":{"known":false,"muted":false,"flaky":false},"stage":"finished","steps":[],"attachments":[],"parameters":[],"start":1702260904461,"stop":1702260904461},{"name":"And  Click on the \"signup\" button","status":"skipped","statusDetails":{"known":false,"muted":false,"flaky":false},"stage":"finished","steps":[],"attachments":[],"parameters":[],"start":1702260904462,"stop":1702260904462},{"name":"Then  Enter the email id","status":"skipped","statusDetails":{"known":false,"muted":false,"flaky":false},"stage":"finished","steps":[],"attachments":[],"parameters":[],"start":1702260904462,"stop":1702260904462},{"name":"Then  Enter the password as \"Test\"","status":"skipped","statusDetails":{"known":false,"muted":false,"flaky":false},"stage":"finished","steps":[],"attachments":[],"parameters":[],"start":1702260904462,"stop":1702260904462},{"name":"Then  Enter the \"same\" confirm password","status":"skipped","statusDetails":{"known":false,"muted":false,"flaky":false},"stage":"finished","steps":[],"attachments":[],"parameters":[],"start":1702260904462,"stop":1702260904462},{"name":"And  Click on the \"SIGNUP\" button","status":"skipped","statusDetails":{"known":false,"muted":false,"flaky":false},"stage":"finished","steps":[],"attachments":[],"parameters":[],"start":1702260904462,"stop":1702260904463},{"name":"And  verify the login/signup form model is displayed","status":"skipped","statusDetails":{"known":false,"muted":false,"flaky":false},"stage":"finished","steps":[],"attachments":[],"parameters":[],"start":1702260904463,"stop":1702260904463},{"name":"And  verify the login/signup form model message is displayed","status":"skipped","statusDetails":{"known":false,"muted":false,"flaky":false},"stage":"finished","steps":[],"attachments":[],"parameters":[],"start":1702260904463,"stop":1702260904463},{"name":"And  click on Login model window \"ok\" button","status":"skipped","statusDetails":{"known":false,"muted":false,"flaky":false},"stage":"finished","steps":[],"attachments":[],"parameters":[],"start":1702260904463,"stop":1702260904464}],"attachments":[],"parameters":[],"start":1702260886504,"stop":1702260904776}